12023 execve("./fork.bin", ["./fork.bin", "q"], 0x7ffd22ee9570 /* 83 vars */) = 0
12023 brk(NULL)                         = 0x5628c8a7d000
12023 arch_prctl(0x3001 /* ARCH_??? */, 0x7fff58e941d0) = -1 EINVAL (Invalid argument)
12023 mmap(NULL, 8192, PROT_READ|PROT_WRITE, MAP_PRIVATE|MAP_ANONYMOUS, -1, 0) = 0x7f2ebc058000
12023 access("/etc/ld.so.preload", R_OK) = -1 ENOENT (No such file or directory)
12023 openat(AT_FDCWD, "/home/allali/intel/openvino_2022_git/tools/compile_tool/glibc-hwcaps/x86-64-v3/libc.so.6", O_RDONLY|O_CLOEXEC) = -1 ENOENT (No such file or directory)
12023 newfstatat(AT_FDCWD, "/home/allali/intel/openvino_2022_git/tools/compile_tool/glibc-hwcaps/x86-64-v3", 0x7fff58e933f0, 0) = -1 ENOENT (No such file or directory)
12023 openat(AT_FDCWD, "/home/allali/intel/openvino_2022_git/tools/compile_tool/glibc-hwcaps/x86-64-v2/libc.so.6", O_RDONLY|O_CLOEXEC) = -1 ENOENT (No such file or directory)
12023 newfstatat(AT_FDCWD, "/home/allali/intel/openvino_2022_git/tools/compile_tool/glibc-hwcaps/x86-64-v2", 0x7fff58e933f0, 0) = -1 ENOENT (No such file or directory)
12023 openat(AT_FDCWD, "/home/allali/intel/openvino_2022_git/tools/compile_tool/tls/haswell/x86_64/libc.so.6", O_RDONLY|O_CLOEXEC) = -1 ENOENT (No such file or directory)
12023 newfstatat(AT_FDCWD, "/home/allali/intel/openvino_2022_git/tools/compile_tool/tls/haswell/x86_64", 0x7fff58e933f0, 0) = -1 ENOENT (No such file or directory)
12023 openat(AT_FDCWD, "/home/allali/intel/openvino_2022_git/tools/compile_tool/tls/haswell/libc.so.6", O_RDONLY|O_CLOEXEC) = -1 ENOENT (No such file or directory)
12023 newfstatat(AT_FDCWD, "/home/allali/intel/openvino_2022_git/tools/compile_tool/tls/haswell", 0x7fff58e933f0, 0) = -1 ENOENT (No such file or directory)
12023 openat(AT_FDCWD, "/home/allali/intel/openvino_2022_git/tools/compile_tool/tls/x86_64/libc.so.6", O_RDONLY|O_CLOEXEC) = -1 ENOENT (No such file or directory)
12023 newfstatat(AT_FDCWD, "/home/allali/intel/openvino_2022_git/tools/compile_tool/tls/x86_64", 0x7fff58e933f0, 0) = -1 ENOENT (No such file or directory)
12023 openat(AT_FDCWD, "/home/allali/intel/openvino_2022_git/tools/compile_tool/tls/libc.so.6", O_RDONLY|O_CLOEXEC) = -1 ENOENT (No such file or directory)
12023 newfstatat(AT_FDCWD, "/home/allali/intel/openvino_2022_git/tools/compile_tool/tls", 0x7fff58e933f0, 0) = -1 ENOENT (No such file or directory)
12023 openat(AT_FDCWD, "/home/allali/intel/openvino_2022_git/tools/compile_tool/haswell/x86_64/libc.so.6", O_RDONLY|O_CLOEXEC) = -1 ENOENT (No such file or directory)
12023 newfstatat(AT_FDCWD, "/home/allali/intel/openvino_2022_git/tools/compile_tool/haswell/x86_64", 0x7fff58e933f0, 0) = -1 ENOENT (No such file or directory)
12023 openat(AT_FDCWD, "/home/allali/intel/openvino_2022_git/tools/compile_tool/haswell/libc.so.6", O_RDONLY|O_CLOEXEC) = -1 ENOENT (No such file or directory)
12023 newfstatat(AT_FDCWD, "/home/allali/intel/openvino_2022_git/tools/compile_tool/haswell", 0x7fff58e933f0, 0) = -1 ENOENT (No such file or directory)
12023 openat(AT_FDCWD, "/home/allali/intel/openvino_2022_git/tools/compile_tool/x86_64/libc.so.6", O_RDONLY|O_CLOEXEC) = -1 ENOENT (No such file or directory)
12023 newfstatat(AT_FDCWD, "/home/allali/intel/openvino_2022_git/tools/compile_tool/x86_64", 0x7fff58e933f0, 0) = -1 ENOENT (No such file or directory)
12023 openat(AT_FDCWD, "/home/allali/intel/openvino_2022_git/tools/compile_tool/libc.so.6", O_RDONLY|O_CLOEXEC) = -1 ENOENT (No such file or directory)
12023 newfstatat(AT_FDCWD, "/home/allali/intel/openvino_2022_git/tools/compile_tool", {st_mode=S_IFDIR|0755, st_size=4096, ...}, 0) = 0
12023 openat(AT_FDCWD, "/home/allali/intel/openvino_2022_git/runtime/3rdparty/tbb/lib/glibc-hwcaps/x86-64-v3/libc.so.6", O_RDONLY|O_CLOEXEC) = -1 ENOENT (No such file or directory)
12023 newfstatat(AT_FDCWD, "/home/allali/intel/openvino_2022_git/runtime/3rdparty/tbb/lib/glibc-hwcaps/x86-64-v3", 0x7fff58e933f0, 0) = -1 ENOENT (No such file or directory)
12023 openat(AT_FDCWD, "/home/allali/intel/openvino_2022_git/runtime/3rdparty/tbb/lib/glibc-hwcaps/x86-64-v2/libc.so.6", O_RDONLY|O_CLOEXEC) = -1 ENOENT (No such file or directory)
12023 newfstatat(AT_FDCWD, "/home/allali/intel/openvino_2022_git/runtime/3rdparty/tbb/lib/glibc-hwcaps/x86-64-v2", 0x7fff58e933f0, 0) = -1 ENOENT (No such file or directory)
12023 openat(AT_FDCWD, "/home/allali/intel/openvino_2022_git/runtime/3rdparty/tbb/lib/tls/haswell/x86_64/libc.so.6", O_RDONLY|O_CLOEXEC) = -1 ENOENT (No such file or directory)
12023 newfstatat(AT_FDCWD, "/home/allali/intel/openvino_2022_git/runtime/3rdparty/tbb/lib/tls/haswell/x86_64", 0x7fff58e933f0, 0) = -1 ENOENT (No such file or directory)
12023 openat(AT_FDCWD, "/home/allali/intel/openvino_2022_git/runtime/3rdparty/tbb/lib/tls/haswell/libc.so.6", O_RDONLY|O_CLOEXEC) = -1 ENOENT (No such file or directory)
12023 newfstatat(AT_FDCWD, "/home/allali/intel/openvino_2022_git/runtime/3rdparty/tbb/lib/tls/haswell", 0x7fff58e933f0, 0) = -1 ENOENT (No such file or directory)
12023 openat(AT_FDCWD, "/home/allali/intel/openvino_2022_git/runtime/3rdparty/tbb/lib/tls/x86_64/libc.so.6", O_RDONLY|O_CLOEXEC) = -1 ENOENT (No such file or directory)
12023 newfstatat(AT_FDCWD, "/home/allali/intel/openvino_2022_git/runtime/3rdparty/tbb/lib/tls/x86_64", 0x7fff58e933f0, 0) = -1 ENOENT (No such file or directory)
12023 openat(AT_FDCWD, "/home/allali/intel/openvino_2022_git/runtime/3rdparty/tbb/lib/tls/libc.so.6", O_RDONLY|O_CLOEXEC) = -1 ENOENT (No such file or directory)
12023 newfstatat(AT_FDCWD, "/home/allali/intel/openvino_2022_git/runtime/3rdparty/tbb/lib/tls", 0x7fff58e933f0, 0) = -1 ENOENT (No such file or directory)
12023 openat(AT_FDCWD, "/home/allali/intel/openvino_2022_git/runtime/3rdparty/tbb/lib/haswell/x86_64/libc.so.6", O_RDONLY|O_CLOEXEC) = -1 ENOENT (No such file or directory)
12023 newfstatat(AT_FDCWD, "/home/allali/intel/openvino_2022_git/runtime/3rdparty/tbb/lib/haswell/x86_64", 0x7fff58e933f0, 0) = -1 ENOENT (No such file or directory)
12023 openat(AT_FDCWD, "/home/allali/intel/openvino_2022_git/runtime/3rdparty/tbb/lib/haswell/libc.so.6", O_RDONLY|O_CLOEXEC) = -1 ENOENT (No such file or directory)
12023 newfstatat(AT_FDCWD, "/home/allali/intel/openvino_2022_git/runtime/3rdparty/tbb/lib/haswell", 0x7fff58e933f0, 0) = -1 ENOENT (No such file or directory)
12023 openat(AT_FDCWD, "/home/allali/intel/openvino_2022_git/runtime/3rdparty/tbb/lib/x86_64/libc.so.6", O_RDONLY|O_CLOEXEC) = -1 ENOENT (No such file or directory)
12023 newfstatat(AT_FDCWD, "/home/allali/intel/openvino_2022_git/runtime/3rdparty/tbb/lib/x86_64", 0x7fff58e933f0, 0) = -1 ENOENT (No such file or directory)
12023 openat(AT_FDCWD, "/home/allali/intel/openvino_2022_git/runtime/3rdparty/tbb/lib/libc.so.6", O_RDONLY|O_CLOEXEC) = -1 ENOENT (No such file or directory)
12023 newfstatat(AT_FDCWD, "/home/allali/intel/openvino_2022_git/runtime/3rdparty/tbb/lib", {st_mode=S_IFDIR|0755, st_size=4096, ...}, 0) = 0
12023 openat(AT_FDCWD, "/home/allali/intel/openvino_2022_git/runtime/3rdparty/hddl/lib/glibc-hwcaps/x86-64-v3/libc.so.6", O_RDONLY|O_CLOEXEC) = -1 ENOENT (No such file or directory)
12023 newfstatat(AT_FDCWD, "/home/allali/intel/openvino_2022_git/runtime/3rdparty/hddl/lib/glibc-hwcaps/x86-64-v3", 0x7fff58e933f0, 0) = -1 ENOENT (No such file or directory)
12023 openat(AT_FDCWD, "/home/allali/intel/openvino_2022_git/runtime/3rdparty/hddl/lib/glibc-hwcaps/x86-64-v2/libc.so.6", O_RDONLY|O_CLOEXEC) = -1 ENOENT (No such file or directory)
12023 newfstatat(AT_FDCWD, "/home/allali/intel/openvino_2022_git/runtime/3rdparty/hddl/lib/glibc-hwcaps/x86-64-v2", 0x7fff58e933f0, 0) = -1 ENOENT (No such file or directory)
12023 openat(AT_FDCWD, "/home/allali/intel/openvino_2022_git/runtime/3rdparty/hddl/lib/tls/haswell/x86_64/libc.so.6", O_RDONLY|O_CLOEXEC) = -1 ENOENT (No such file or directory)
12023 newfstatat(AT_FDCWD, "/home/allali/intel/openvino_2022_git/runtime/3rdparty/hddl/lib/tls/haswell/x86_64", 0x7fff58e933f0, 0) = -1 ENOENT (No such file or directory)
12023 openat(AT_FDCWD, "/home/allali/intel/openvino_2022_git/runtime/3rdparty/hddl/lib/tls/haswell/libc.so.6", O_RDONLY|O_CLOEXEC) = -1 ENOENT (No such file or directory)
12023 newfstatat(AT_FDCWD, "/home/allali/intel/openvino_2022_git/runtime/3rdparty/hddl/lib/tls/haswell", 0x7fff58e933f0, 0) = -1 ENOENT (No such file or directory)
12023 openat(AT_FDCWD, "/home/allali/intel/openvino_2022_git/runtime/3rdparty/hddl/lib/tls/x86_64/libc.so.6", O_RDONLY|O_CLOEXEC) = -1 ENOENT (No such file or directory)
12023 newfstatat(AT_FDCWD, "/home/allali/intel/openvino_2022_git/runtime/3rdparty/hddl/lib/tls/x86_64", 0x7fff58e933f0, 0) = -1 ENOENT (No such file or directory)
12023 openat(AT_FDCWD, "/home/allali/intel/openvino_2022_git/runtime/3rdparty/hddl/lib/tls/libc.so.6", O_RDONLY|O_CLOEXEC) = -1 ENOENT (No such file or directory)
12023 newfstatat(AT_FDCWD, "/home/allali/intel/openvino_2022_git/runtime/3rdparty/hddl/lib/tls", 0x7fff58e933f0, 0) = -1 ENOENT (No such file or directory)
12023 openat(AT_FDCWD, "/home/allali/intel/openvino_2022_git/runtime/3rdparty/hddl/lib/haswell/x86_64/libc.so.6", O_RDONLY|O_CLOEXEC) = -1 ENOENT (No such file or directory)
12023 newfstatat(AT_FDCWD, "/home/allali/intel/openvino_2022_git/runtime/3rdparty/hddl/lib/haswell/x86_64", 0x7fff58e933f0, 0) = -1 ENOENT (No such file or directory)
12023 openat(AT_FDCWD, "/home/allali/intel/openvino_2022_git/runtime/3rdparty/hddl/lib/haswell/libc.so.6", O_RDONLY|O_CLOEXEC) = -1 ENOENT (No such file or directory)
12023 newfstatat(AT_FDCWD, "/home/allali/intel/openvino_2022_git/runtime/3rdparty/hddl/lib/haswell", 0x7fff58e933f0, 0) = -1 ENOENT (No such file or directory)
12023 openat(AT_FDCWD, "/home/allali/intel/openvino_2022_git/runtime/3rdparty/hddl/lib/x86_64/libc.so.6", O_RDONLY|O_CLOEXEC) = -1 ENOENT (No such file or directory)
12023 newfstatat(AT_FDCWD, "/home/allali/intel/openvino_2022_git/runtime/3rdparty/hddl/lib/x86_64", 0x7fff58e933f0, 0) = -1 ENOENT (No such file or directory)
12023 openat(AT_FDCWD, "/home/allali/intel/openvino_2022_git/runtime/3rdparty/hddl/lib/libc.so.6", O_RDONLY|O_CLOEXEC) = -1 ENOENT (No such file or directory)
12023 newfstatat(AT_FDCWD, "/home/allali/intel/openvino_2022_git/runtime/3rdparty/hddl/lib", 0x7fff58e933f0, 0) = -1 ENOENT (No such file or directory)
12023 openat(AT_FDCWD, "/home/allali/intel/openvino_2022_git/runtime/lib/intel64/glibc-hwcaps/x86-64-v3/libc.so.6", O_RDONLY|O_CLOEXEC) = -1 ENOENT (No such file or directory)
12023 newfstatat(AT_FDCWD, "/home/allali/intel/openvino_2022_git/runtime/lib/intel64/glibc-hwcaps/x86-64-v3", 0x7fff58e933f0, 0) = -1 ENOENT (No such file or directory)
12023 openat(AT_FDCWD, "/home/allali/intel/openvino_2022_git/runtime/lib/intel64/glibc-hwcaps/x86-64-v2/libc.so.6", O_RDONLY|O_CLOEXEC) = -1 ENOENT (No such file or directory)
12023 newfstatat(AT_FDCWD, "/home/allali/intel/openvino_2022_git/runtime/lib/intel64/glibc-hwcaps/x86-64-v2", 0x7fff58e933f0, 0) = -1 ENOENT (No such file or directory)
12023 openat(AT_FDCWD, "/home/allali/intel/openvino_2022_git/runtime/lib/intel64/tls/haswell/x86_64/libc.so.6", O_RDONLY|O_CLOEXEC) = -1 ENOENT (No such file or directory)
12023 newfstatat(AT_FDCWD, "/home/allali/intel/openvino_2022_git/runtime/lib/intel64/tls/haswell/x86_64", 0x7fff58e933f0, 0) = -1 ENOENT (No such file or directory)
12023 openat(AT_FDCWD, "/home/allali/intel/openvino_2022_git/runtime/lib/intel64/tls/haswell/libc.so.6", O_RDONLY|O_CLOEXEC) = -1 ENOENT (No such file or directory)
12023 newfstatat(AT_FDCWD, "/home/allali/intel/openvino_2022_git/runtime/lib/intel64/tls/haswell", 0x7fff58e933f0, 0) = -1 ENOENT (No such file or directory)
12023 openat(AT_FDCWD, "/home/allali/intel/openvino_2022_git/runtime/lib/intel64/tls/x86_64/libc.so.6", O_RDONLY|O_CLOEXEC) = -1 ENOENT (No such file or directory)
12023 newfstatat(AT_FDCWD, "/home/allali/intel/openvino_2022_git/runtime/lib/intel64/tls/x86_64", 0x7fff58e933f0, 0) = -1 ENOENT (No such file or directory)
12023 openat(AT_FDCWD, "/home/allali/intel/openvino_2022_git/runtime/lib/intel64/tls/libc.so.6", O_RDONLY|O_CLOEXEC) = -1 ENOENT (No such file or directory)
12023 newfstatat(AT_FDCWD, "/home/allali/intel/openvino_2022_git/runtime/lib/intel64/tls", 0x7fff58e933f0, 0) = -1 ENOENT (No such file or directory)
12023 openat(AT_FDCWD, "/home/allali/intel/openvino_2022_git/runtime/lib/intel64/haswell/x86_64/libc.so.6", O_RDONLY|O_CLOEXEC) = -1 ENOENT (No such file or directory)
12023 newfstatat(AT_FDCWD, "/home/allali/intel/openvino_2022_git/runtime/lib/intel64/haswell/x86_64", 0x7fff58e933f0, 0) = -1 ENOENT (No such file or directory)
12023 openat(AT_FDCWD, "/home/allali/intel/openvino_2022_git/runtime/lib/intel64/haswell/libc.so.6", O_RDONLY|O_CLOEXEC) = -1 ENOENT (No such file or directory)
12023 newfstatat(AT_FDCWD, "/home/allali/intel/openvino_2022_git/runtime/lib/intel64/haswell", 0x7fff58e933f0, 0) = -1 ENOENT (No such file or directory)
12023 openat(AT_FDCWD, "/home/allali/intel/openvino_2022_git/runtime/lib/intel64/x86_64/libc.so.6", O_RDONLY|O_CLOEXEC) = -1 ENOENT (No such file or directory)
12023 newfstatat(AT_FDCWD, "/home/allali/intel/openvino_2022_git/runtime/lib/intel64/x86_64", 0x7fff58e933f0, 0) = -1 ENOENT (No such file or directory)
12023 openat(AT_FDCWD, "/home/allali/intel/openvino_2022_git/runtime/lib/intel64/libc.so.6", O_RDONLY|O_CLOEXEC) = -1 ENOENT (No such file or directory)
12023 newfstatat(AT_FDCWD, "/home/allali/intel/openvino_2022_git/runtime/lib/intel64", {st_mode=S_IFDIR|0755, st_size=4096, ...}, 0) = 0
12023 openat(AT_FDCWD, "/etc/ld.so.cache", O_RDONLY|O_CLOEXEC) = 3
12023 newfstatat(3, "", {st_mode=S_IFREG|0644, st_size=180787, ...}, AT_EMPTY_PATH) = 0
12023 mmap(NULL, 180787, PROT_READ, MAP_PRIVATE, 3, 0) = 0x7f2ebc02b000
12023 close(3)                          = 0
12023 openat(AT_FDCWD, "/lib/x86_64-linux-gnu/libc.so.6", O_RDONLY|O_CLOEXEC) = 3
12023 read(3, "\177ELF\2\1\1\3\0\0\0\0\0\0\0\0\3\0>\0\1\0\0\0P\237\2\0\0\0\0\0"..., 832) = 832
12023 pread64(3, "\6\0\0\0\4\0\0\0@\0\0\0\0\0\0\0@\0\0\0\0\0\0\0@\0\0\0\0\0\0\0"..., 784, 64) = 784
12023 pread64(3, "\4\0\0\0 \0\0\0\5\0\0\0GNU\0\2\0\0\300\4\0\0\0\3\0\0\0\0\0\0\0"..., 48, 848) = 48
12023 pread64(3, "\4\0\0\0\24\0\0\0\3\0\0\0GNU\0i8\235HZ\227\223\333\350s\360\352,\223\340."..., 68, 896) = 68
12023 newfstatat(3, "", {st_mode=S_IFREG|0644, st_size=2216304, ...}, AT_EMPTY_PATH) = 0
12023 pread64(3, "\6\0\0\0\4\0\0\0@\0\0\0\0\0\0\0@\0\0\0\0\0\0\0@\0\0\0\0\0\0\0"..., 784, 64) = 784
12023 mmap(NULL, 2260560, PROT_READ, MAP_PRIVATE|MAP_DENYWRITE, 3, 0) = 0x7f2ebbe03000
12023 mmap(0x7f2ebbe2b000, 1658880, PROT_READ|PROT_EXEC, MAP_PRIVATE|MAP_FIXED|MAP_DENYWRITE, 3, 0x28000) = 0x7f2ebbe2b000
12023 mmap(0x7f2ebbfc0000, 360448, PROT_READ, MAP_PRIVATE|MAP_FIXED|MAP_DENYWRITE, 3, 0x1bd000) = 0x7f2ebbfc0000
12023 mmap(0x7f2ebc018000, 24576, PROT_READ|PROT_WRITE, MAP_PRIVATE|MAP_FIXED|MAP_DENYWRITE, 3, 0x214000) = 0x7f2ebc018000
12023 mmap(0x7f2ebc01e000, 52816, PROT_READ|PROT_WRITE, MAP_PRIVATE|MAP_FIXED|MAP_ANONYMOUS, -1, 0) = 0x7f2ebc01e000
12023 close(3)                          = 0
12023 mmap(NULL, 12288, PROT_READ|PROT_WRITE, MAP_PRIVATE|MAP_ANONYMOUS, -1, 0) = 0x7f2ebbe00000
12023 arch_prctl(ARCH_SET_FS, 0x7f2ebbe00740) = 0
12023 set_tid_address(0x7f2ebbe00a10)   = 12023
12023 set_robust_list(0x7f2ebbe00a20, 24) = 0
12023 rseq(0x7f2ebbe010e0, 0x20, 0, 0x53053053) = 0
12023 mprotect(0x7f2ebc018000, 16384, PROT_READ) = 0
12023 mprotect(0x5628c6bb7000, 4096, PROT_READ) = 0
12023 mprotect(0x7f2ebc092000, 8192, PROT_READ) = 0
12023 prlimit64(0, RLIMIT_STACK, NULL, {rlim_cur=8192*1024, rlim_max=RLIM64_INFINITY}) = 0
12023 munmap(0x7f2ebc02b000, 180787)    = 0
12023 pipe2([3, 4], 0)                  = 0
12023 clone(child_stack=NULL, flags=CLONE_CHILD_CLEARTID|CLONE_CHILD_SETTID|SIGCHLD, child_tidptr=0x7f2ebbe00a10) = 12024
12023 close(4)                          = 0
12024 set_robust_list(0x7f2ebbe00a20, 24) = 0
12024 openat(AT_FDCWD, "in", O_RDONLY)  = 5
12024 close(3)                          = 0
12024 read(5, "sample input data file", 100) = 22
12023 read(3, "sample input data file", 100) = 22
12024 write(4, "sample input data file", 22) = 22
12023 write(1, "sample input data file", 22) = 22
12024 read(5, "", 100)                  = 0
12023 read(3, "", 100)                  = 0
12024 +++ exited with 10 +++
12023 --- SIGCHLD {si_signo=SIGCHLD, si_code=CLD_EXITED, si_pid=12024, si_uid=1001, si_status=10, si_utime=0, si_stime=0} ---
12023 wait4(-1, NULL, 0, NULL)          = 12024
12023 +++ exited with 0 +++
