132016 execve("./read.bin", ["./read.bin", "q"], 0x7ffcc521b1b0 /* 81 vars */) = 0
132016 brk(NULL)                        = 0x561713c32000
132016 arch_prctl(0x3001 /* ARCH_??? */, 0x7ffc72265e30) = -1 EINVAL (Invalid argument)
132016 mmap(NULL, 8192, PROT_READ|PROT_WRITE, MAP_PRIVATE|MAP_ANONYMOUS, -1, 0) = 0x7f70f5a1d000
132016 access("/etc/ld.so.preload", R_OK) = -1 ENOENT (No such file or directory)
132016 openat(AT_FDCWD, "/home/allali/intel/openvino_2022_git/tools/compile_tool/glibc-hwcaps/x86-64-v3/libc.so.6", O_RDONLY|O_CLOEXEC) = -1 ENOENT (No such file or directory)
132016 newfstatat(AT_FDCWD, "/home/allali/intel/openvino_2022_git/tools/compile_tool/glibc-hwcaps/x86-64-v3", 0x7ffc72265050, 0) = -1 ENOENT (No such file or directory)
132016 openat(AT_FDCWD, "/home/allali/intel/openvino_2022_git/tools/compile_tool/glibc-hwcaps/x86-64-v2/libc.so.6", O_RDONLY|O_CLOEXEC) = -1 ENOENT (No such file or directory)
132016 newfstatat(AT_FDCWD, "/home/allali/intel/openvino_2022_git/tools/compile_tool/glibc-hwcaps/x86-64-v2", 0x7ffc72265050, 0) = -1 ENOENT (No such file or directory)
132016 openat(AT_FDCWD, "/home/allali/intel/openvino_2022_git/tools/compile_tool/tls/haswell/x86_64/libc.so.6", O_RDONLY|O_CLOEXEC) = -1 ENOENT (No such file or directory)
132016 newfstatat(AT_FDCWD, "/home/allali/intel/openvino_2022_git/tools/compile_tool/tls/haswell/x86_64", 0x7ffc72265050, 0) = -1 ENOENT (No such file or directory)
132016 openat(AT_FDCWD, "/home/allali/intel/openvino_2022_git/tools/compile_tool/tls/haswell/libc.so.6", O_RDONLY|O_CLOEXEC) = -1 ENOENT (No such file or directory)
132016 newfstatat(AT_FDCWD, "/home/allali/intel/openvino_2022_git/tools/compile_tool/tls/haswell", 0x7ffc72265050, 0) = -1 ENOENT (No such file or directory)
132016 openat(AT_FDCWD, "/home/allali/intel/openvino_2022_git/tools/compile_tool/tls/x86_64/libc.so.6", O_RDONLY|O_CLOEXEC) = -1 ENOENT (No such file or directory)
132016 newfstatat(AT_FDCWD, "/home/allali/intel/openvino_2022_git/tools/compile_tool/tls/x86_64", 0x7ffc72265050, 0) = -1 ENOENT (No such file or directory)
132016 openat(AT_FDCWD, "/home/allali/intel/openvino_2022_git/tools/compile_tool/tls/libc.so.6", O_RDONLY|O_CLOEXEC) = -1 ENOENT (No such file or directory)
132016 newfstatat(AT_FDCWD, "/home/allali/intel/openvino_2022_git/tools/compile_tool/tls", 0x7ffc72265050, 0) = -1 ENOENT (No such file or directory)
132016 openat(AT_FDCWD, "/home/allali/intel/openvino_2022_git/tools/compile_tool/haswell/x86_64/libc.so.6", O_RDONLY|O_CLOEXEC) = -1 ENOENT (No such file or directory)
132016 newfstatat(AT_FDCWD, "/home/allali/intel/openvino_2022_git/tools/compile_tool/haswell/x86_64", 0x7ffc72265050, 0) = -1 ENOENT (No such file or directory)
132016 openat(AT_FDCWD, "/home/allali/intel/openvino_2022_git/tools/compile_tool/haswell/libc.so.6", O_RDONLY|O_CLOEXEC) = -1 ENOENT (No such file or directory)
132016 newfstatat(AT_FDCWD, "/home/allali/intel/openvino_2022_git/tools/compile_tool/haswell", 0x7ffc72265050, 0) = -1 ENOENT (No such file or directory)
132016 openat(AT_FDCWD, "/home/allali/intel/openvino_2022_git/tools/compile_tool/x86_64/libc.so.6", O_RDONLY|O_CLOEXEC) = -1 ENOENT (No such file or directory)
132016 newfstatat(AT_FDCWD, "/home/allali/intel/openvino_2022_git/tools/compile_tool/x86_64", 0x7ffc72265050, 0) = -1 ENOENT (No such file or directory)
132016 openat(AT_FDCWD, "/home/allali/intel/openvino_2022_git/tools/compile_tool/libc.so.6", O_RDONLY|O_CLOEXEC) = -1 ENOENT (No such file or directory)
132016 newfstatat(AT_FDCWD, "/home/allali/intel/openvino_2022_git/tools/compile_tool", {st_mode=S_IFDIR|0755, st_size=4096, ...}, 0) = 0
132016 openat(AT_FDCWD, "/home/allali/intel/openvino_2022_git/runtime/3rdparty/tbb/lib/glibc-hwcaps/x86-64-v3/libc.so.6", O_RDONLY|O_CLOEXEC) = -1 ENOENT (No such file or directory)
132016 newfstatat(AT_FDCWD, "/home/allali/intel/openvino_2022_git/runtime/3rdparty/tbb/lib/glibc-hwcaps/x86-64-v3", 0x7ffc72265050, 0) = -1 ENOENT (No such file or directory)
132016 openat(AT_FDCWD, "/home/allali/intel/openvino_2022_git/runtime/3rdparty/tbb/lib/glibc-hwcaps/x86-64-v2/libc.so.6", O_RDONLY|O_CLOEXEC) = -1 ENOENT (No such file or directory)
132016 newfstatat(AT_FDCWD, "/home/allali/intel/openvino_2022_git/runtime/3rdparty/tbb/lib/glibc-hwcaps/x86-64-v2", 0x7ffc72265050, 0) = -1 ENOENT (No such file or directory)
132016 openat(AT_FDCWD, "/home/allali/intel/openvino_2022_git/runtime/3rdparty/tbb/lib/tls/haswell/x86_64/libc.so.6", O_RDONLY|O_CLOEXEC) = -1 ENOENT (No such file or directory)
132016 newfstatat(AT_FDCWD, "/home/allali/intel/openvino_2022_git/runtime/3rdparty/tbb/lib/tls/haswell/x86_64", 0x7ffc72265050, 0) = -1 ENOENT (No such file or directory)
132016 openat(AT_FDCWD, "/home/allali/intel/openvino_2022_git/runtime/3rdparty/tbb/lib/tls/haswell/libc.so.6", O_RDONLY|O_CLOEXEC) = -1 ENOENT (No such file or directory)
132016 newfstatat(AT_FDCWD, "/home/allali/intel/openvino_2022_git/runtime/3rdparty/tbb/lib/tls/haswell", 0x7ffc72265050, 0) = -1 ENOENT (No such file or directory)
132016 openat(AT_FDCWD, "/home/allali/intel/openvino_2022_git/runtime/3rdparty/tbb/lib/tls/x86_64/libc.so.6", O_RDONLY|O_CLOEXEC) = -1 ENOENT (No such file or directory)
132016 newfstatat(AT_FDCWD, "/home/allali/intel/openvino_2022_git/runtime/3rdparty/tbb/lib/tls/x86_64", 0x7ffc72265050, 0) = -1 ENOENT (No such file or directory)
132016 openat(AT_FDCWD, "/home/allali/intel/openvino_2022_git/runtime/3rdparty/tbb/lib/tls/libc.so.6", O_RDONLY|O_CLOEXEC) = -1 ENOENT (No such file or directory)
132016 newfstatat(AT_FDCWD, "/home/allali/intel/openvino_2022_git/runtime/3rdparty/tbb/lib/tls", 0x7ffc72265050, 0) = -1 ENOENT (No such file or directory)
132016 openat(AT_FDCWD, "/home/allali/intel/openvino_2022_git/runtime/3rdparty/tbb/lib/haswell/x86_64/libc.so.6", O_RDONLY|O_CLOEXEC) = -1 ENOENT (No such file or directory)
132016 newfstatat(AT_FDCWD, "/home/allali/intel/openvino_2022_git/runtime/3rdparty/tbb/lib/haswell/x86_64", 0x7ffc72265050, 0) = -1 ENOENT (No such file or directory)
132016 openat(AT_FDCWD, "/home/allali/intel/openvino_2022_git/runtime/3rdparty/tbb/lib/haswell/libc.so.6", O_RDONLY|O_CLOEXEC) = -1 ENOENT (No such file or directory)
132016 newfstatat(AT_FDCWD, "/home/allali/intel/openvino_2022_git/runtime/3rdparty/tbb/lib/haswell", 0x7ffc72265050, 0) = -1 ENOENT (No such file or directory)
132016 openat(AT_FDCWD, "/home/allali/intel/openvino_2022_git/runtime/3rdparty/tbb/lib/x86_64/libc.so.6", O_RDONLY|O_CLOEXEC) = -1 ENOENT (No such file or directory)
132016 newfstatat(AT_FDCWD, "/home/allali/intel/openvino_2022_git/runtime/3rdparty/tbb/lib/x86_64", 0x7ffc72265050, 0) = -1 ENOENT (No such file or directory)
132016 openat(AT_FDCWD, "/home/allali/intel/openvino_2022_git/runtime/3rdparty/tbb/lib/libc.so.6", O_RDONLY|O_CLOEXEC) = -1 ENOENT (No such file or directory)
132016 newfstatat(AT_FDCWD, "/home/allali/intel/openvino_2022_git/runtime/3rdparty/tbb/lib", {st_mode=S_IFDIR|0755, st_size=4096, ...}, 0) = 0
132016 openat(AT_FDCWD, "/home/allali/intel/openvino_2022_git/runtime/3rdparty/hddl/lib/glibc-hwcaps/x86-64-v3/libc.so.6", O_RDONLY|O_CLOEXEC) = -1 ENOENT (No such file or directory)
132016 newfstatat(AT_FDCWD, "/home/allali/intel/openvino_2022_git/runtime/3rdparty/hddl/lib/glibc-hwcaps/x86-64-v3", 0x7ffc72265050, 0) = -1 ENOENT (No such file or directory)
132016 openat(AT_FDCWD, "/home/allali/intel/openvino_2022_git/runtime/3rdparty/hddl/lib/glibc-hwcaps/x86-64-v2/libc.so.6", O_RDONLY|O_CLOEXEC) = -1 ENOENT (No such file or directory)
132016 newfstatat(AT_FDCWD, "/home/allali/intel/openvino_2022_git/runtime/3rdparty/hddl/lib/glibc-hwcaps/x86-64-v2", 0x7ffc72265050, 0) = -1 ENOENT (No such file or directory)
132016 openat(AT_FDCWD, "/home/allali/intel/openvino_2022_git/runtime/3rdparty/hddl/lib/tls/haswell/x86_64/libc.so.6", O_RDONLY|O_CLOEXEC) = -1 ENOENT (No such file or directory)
132016 newfstatat(AT_FDCWD, "/home/allali/intel/openvino_2022_git/runtime/3rdparty/hddl/lib/tls/haswell/x86_64", 0x7ffc72265050, 0) = -1 ENOENT (No such file or directory)
132016 openat(AT_FDCWD, "/home/allali/intel/openvino_2022_git/runtime/3rdparty/hddl/lib/tls/haswell/libc.so.6", O_RDONLY|O_CLOEXEC) = -1 ENOENT (No such file or directory)
132016 newfstatat(AT_FDCWD, "/home/allali/intel/openvino_2022_git/runtime/3rdparty/hddl/lib/tls/haswell", 0x7ffc72265050, 0) = -1 ENOENT (No such file or directory)
132016 openat(AT_FDCWD, "/home/allali/intel/openvino_2022_git/runtime/3rdparty/hddl/lib/tls/x86_64/libc.so.6", O_RDONLY|O_CLOEXEC) = -1 ENOENT (No such file or directory)
132016 newfstatat(AT_FDCWD, "/home/allali/intel/openvino_2022_git/runtime/3rdparty/hddl/lib/tls/x86_64", 0x7ffc72265050, 0) = -1 ENOENT (No such file or directory)
132016 openat(AT_FDCWD, "/home/allali/intel/openvino_2022_git/runtime/3rdparty/hddl/lib/tls/libc.so.6", O_RDONLY|O_CLOEXEC) = -1 ENOENT (No such file or directory)
132016 newfstatat(AT_FDCWD, "/home/allali/intel/openvino_2022_git/runtime/3rdparty/hddl/lib/tls", 0x7ffc72265050, 0) = -1 ENOENT (No such file or directory)
132016 openat(AT_FDCWD, "/home/allali/intel/openvino_2022_git/runtime/3rdparty/hddl/lib/haswell/x86_64/libc.so.6", O_RDONLY|O_CLOEXEC) = -1 ENOENT (No such file or directory)
132016 newfstatat(AT_FDCWD, "/home/allali/intel/openvino_2022_git/runtime/3rdparty/hddl/lib/haswell/x86_64", 0x7ffc72265050, 0) = -1 ENOENT (No such file or directory)
132016 openat(AT_FDCWD, "/home/allali/intel/openvino_2022_git/runtime/3rdparty/hddl/lib/haswell/libc.so.6", O_RDONLY|O_CLOEXEC) = -1 ENOENT (No such file or directory)
132016 newfstatat(AT_FDCWD, "/home/allali/intel/openvino_2022_git/runtime/3rdparty/hddl/lib/haswell", 0x7ffc72265050, 0) = -1 ENOENT (No such file or directory)
132016 openat(AT_FDCWD, "/home/allali/intel/openvino_2022_git/runtime/3rdparty/hddl/lib/x86_64/libc.so.6", O_RDONLY|O_CLOEXEC) = -1 ENOENT (No such file or directory)
132016 newfstatat(AT_FDCWD, "/home/allali/intel/openvino_2022_git/runtime/3rdparty/hddl/lib/x86_64", 0x7ffc72265050, 0) = -1 ENOENT (No such file or directory)
132016 openat(AT_FDCWD, "/home/allali/intel/openvino_2022_git/runtime/3rdparty/hddl/lib/libc.so.6", O_RDONLY|O_CLOEXEC) = -1 ENOENT (No such file or directory)
132016 newfstatat(AT_FDCWD, "/home/allali/intel/openvino_2022_git/runtime/3rdparty/hddl/lib", 0x7ffc72265050, 0) = -1 ENOENT (No such file or directory)
132016 openat(AT_FDCWD, "/home/allali/intel/openvino_2022_git/runtime/lib/intel64/glibc-hwcaps/x86-64-v3/libc.so.6", O_RDONLY|O_CLOEXEC) = -1 ENOENT (No such file or directory)
132016 newfstatat(AT_FDCWD, "/home/allali/intel/openvino_2022_git/runtime/lib/intel64/glibc-hwcaps/x86-64-v3", 0x7ffc72265050, 0) = -1 ENOENT (No such file or directory)
132016 openat(AT_FDCWD, "/home/allali/intel/openvino_2022_git/runtime/lib/intel64/glibc-hwcaps/x86-64-v2/libc.so.6", O_RDONLY|O_CLOEXEC) = -1 ENOENT (No such file or directory)
132016 newfstatat(AT_FDCWD, "/home/allali/intel/openvino_2022_git/runtime/lib/intel64/glibc-hwcaps/x86-64-v2", 0x7ffc72265050, 0) = -1 ENOENT (No such file or directory)
132016 openat(AT_FDCWD, "/home/allali/intel/openvino_2022_git/runtime/lib/intel64/tls/haswell/x86_64/libc.so.6", O_RDONLY|O_CLOEXEC) = -1 ENOENT (No such file or directory)
132016 newfstatat(AT_FDCWD, "/home/allali/intel/openvino_2022_git/runtime/lib/intel64/tls/haswell/x86_64", 0x7ffc72265050, 0) = -1 ENOENT (No such file or directory)
132016 openat(AT_FDCWD, "/home/allali/intel/openvino_2022_git/runtime/lib/intel64/tls/haswell/libc.so.6", O_RDONLY|O_CLOEXEC) = -1 ENOENT (No such file or directory)
132016 newfstatat(AT_FDCWD, "/home/allali/intel/openvino_2022_git/runtime/lib/intel64/tls/haswell", 0x7ffc72265050, 0) = -1 ENOENT (No such file or directory)
132016 openat(AT_FDCWD, "/home/allali/intel/openvino_2022_git/runtime/lib/intel64/tls/x86_64/libc.so.6", O_RDONLY|O_CLOEXEC) = -1 ENOENT (No such file or directory)
132016 newfstatat(AT_FDCWD, "/home/allali/intel/openvino_2022_git/runtime/lib/intel64/tls/x86_64", 0x7ffc72265050, 0) = -1 ENOENT (No such file or directory)
132016 openat(AT_FDCWD, "/home/allali/intel/openvino_2022_git/runtime/lib/intel64/tls/libc.so.6", O_RDONLY|O_CLOEXEC) = -1 ENOENT (No such file or directory)
132016 newfstatat(AT_FDCWD, "/home/allali/intel/openvino_2022_git/runtime/lib/intel64/tls", 0x7ffc72265050, 0) = -1 ENOENT (No such file or directory)
132016 openat(AT_FDCWD, "/home/allali/intel/openvino_2022_git/runtime/lib/intel64/haswell/x86_64/libc.so.6", O_RDONLY|O_CLOEXEC) = -1 ENOENT (No such file or directory)
132016 newfstatat(AT_FDCWD, "/home/allali/intel/openvino_2022_git/runtime/lib/intel64/haswell/x86_64", 0x7ffc72265050, 0) = -1 ENOENT (No such file or directory)
132016 openat(AT_FDCWD, "/home/allali/intel/openvino_2022_git/runtime/lib/intel64/haswell/libc.so.6", O_RDONLY|O_CLOEXEC) = -1 ENOENT (No such file or directory)
132016 newfstatat(AT_FDCWD, "/home/allali/intel/openvino_2022_git/runtime/lib/intel64/haswell", 0x7ffc72265050, 0) = -1 ENOENT (No such file or directory)
132016 openat(AT_FDCWD, "/home/allali/intel/openvino_2022_git/runtime/lib/intel64/x86_64/libc.so.6", O_RDONLY|O_CLOEXEC) = -1 ENOENT (No such file or directory)
132016 newfstatat(AT_FDCWD, "/home/allali/intel/openvino_2022_git/runtime/lib/intel64/x86_64", 0x7ffc72265050, 0) = -1 ENOENT (No such file or directory)
132016 openat(AT_FDCWD, "/home/allali/intel/openvino_2022_git/runtime/lib/intel64/libc.so.6", O_RDONLY|O_CLOEXEC) = -1 ENOENT (No such file or directory)
132016 newfstatat(AT_FDCWD, "/home/allali/intel/openvino_2022_git/runtime/lib/intel64", {st_mode=S_IFDIR|0755, st_size=4096, ...}, 0) = 0
132016 openat(AT_FDCWD, "/etc/ld.so.cache", O_RDONLY|O_CLOEXEC) = 3
132016 newfstatat(3, "", {st_mode=S_IFREG|0644, st_size=180787, ...}, AT_EMPTY_PATH) = 0
132016 mmap(NULL, 180787, PROT_READ, MAP_PRIVATE, 3, 0) = 0x7f70f59f0000
132016 close(3)                         = 0
132016 openat(AT_FDCWD, "/lib/x86_64-linux-gnu/libc.so.6", O_RDONLY|O_CLOEXEC) = 3
132016 read(3, "\177ELF\2\1\1\3\0\0\0\0\0\0\0\0\3\0>\0\1\0\0\0P\237\2\0\0\0\0\0"..., 832) = 832
132016 pread64(3, "\6\0\0\0\4\0\0\0@\0\0\0\0\0\0\0@\0\0\0\0\0\0\0@\0\0\0\0\0\0\0"..., 784, 64) = 784
132016 pread64(3, "\4\0\0\0 \0\0\0\5\0\0\0GNU\0\2\0\0\300\4\0\0\0\3\0\0\0\0\0\0\0"..., 48, 848) = 48
132016 pread64(3, "\4\0\0\0\24\0\0\0\3\0\0\0GNU\0i8\235HZ\227\223\333\350s\360\352,\223\340."..., 68, 896) = 68
132016 newfstatat(3, "", {st_mode=S_IFREG|0644, st_size=2216304, ...}, AT_EMPTY_PATH) = 0
132016 pread64(3, "\6\0\0\0\4\0\0\0@\0\0\0\0\0\0\0@\0\0\0\0\0\0\0@\0\0\0\0\0\0\0"..., 784, 64) = 784
132016 mmap(NULL, 2260560, PROT_READ, MAP_PRIVATE|MAP_DENYWRITE, 3, 0) = 0x7f70f57c8000
132016 mmap(0x7f70f57f0000, 1658880, PROT_READ|PROT_EXEC, MAP_PRIVATE|MAP_FIXED|MAP_DENYWRITE, 3, 0x28000) = 0x7f70f57f0000
132016 mmap(0x7f70f5985000, 360448, PROT_READ, MAP_PRIVATE|MAP_FIXED|MAP_DENYWRITE, 3, 0x1bd000) = 0x7f70f5985000
132016 mmap(0x7f70f59dd000, 24576, PROT_READ|PROT_WRITE, MAP_PRIVATE|MAP_FIXED|MAP_DENYWRITE, 3, 0x214000) = 0x7f70f59dd000
132016 mmap(0x7f70f59e3000, 52816, PROT_READ|PROT_WRITE, MAP_PRIVATE|MAP_FIXED|MAP_ANONYMOUS, -1, 0) = 0x7f70f59e3000
132016 close(3)                         = 0
132016 mmap(NULL, 12288, PROT_READ|PROT_WRITE, MAP_PRIVATE|MAP_ANONYMOUS, -1, 0) = 0x7f70f57c5000
132016 arch_prctl(ARCH_SET_FS, 0x7f70f57c5740) = 0
132016 set_tid_address(0x7f70f57c5a10)  = 132016
132016 set_robust_list(0x7f70f57c5a20, 24) = 0
132016 rseq(0x7f70f57c60e0, 0x20, 0, 0x53053053) = 0
132016 mprotect(0x7f70f59dd000, 16384, PROT_READ) = 0
132016 mprotect(0x5617125b5000, 4096, PROT_READ) = 0
132016 mprotect(0x7f70f5a57000, 8192, PROT_READ) = 0
132016 prlimit64(0, RLIMIT_STACK, NULL, {rlim_cur=8192*1024, rlim_max=RLIM64_INFINITY}) = 0
132016 munmap(0x7f70f59f0000, 180787)   = 0
132016 read(0, "sample inp", 10)        = 10
132016 exit_group(0)                    = ?
132016 +++ exited with 0 +++
