132021 execve("./write.bin", ["./write.bin", "q"], 0x7ffc3a4b19a0 /* 81 vars */) = 0
132021 brk(NULL)                        = 0x5643674ed000
132021 arch_prctl(0x3001 /* ARCH_??? */, 0x7ffc48fac7c0) = -1 EINVAL (Invalid argument)
132021 mmap(NULL, 8192, PROT_READ|PROT_WRITE, MAP_PRIVATE|MAP_ANONYMOUS, -1, 0) = 0x7f60c8ce3000
132021 access("/etc/ld.so.preload", R_OK) = -1 ENOENT (No such file or directory)
132021 openat(AT_FDCWD, "/home/allali/intel/openvino_2022_git/tools/compile_tool/glibc-hwcaps/x86-64-v3/libc.so.6", O_RDONLY|O_CLOEXEC) = -1 ENOENT (No such file or directory)
132021 newfstatat(AT_FDCWD, "/home/allali/intel/openvino_2022_git/tools/compile_tool/glibc-hwcaps/x86-64-v3", 0x7ffc48fab9e0, 0) = -1 ENOENT (No such file or directory)
132021 openat(AT_FDCWD, "/home/allali/intel/openvino_2022_git/tools/compile_tool/glibc-hwcaps/x86-64-v2/libc.so.6", O_RDONLY|O_CLOEXEC) = -1 ENOENT (No such file or directory)
132021 newfstatat(AT_FDCWD, "/home/allali/intel/openvino_2022_git/tools/compile_tool/glibc-hwcaps/x86-64-v2", 0x7ffc48fab9e0, 0) = -1 ENOENT (No such file or directory)
132021 openat(AT_FDCWD, "/home/allali/intel/openvino_2022_git/tools/compile_tool/tls/haswell/x86_64/libc.so.6", O_RDONLY|O_CLOEXEC) = -1 ENOENT (No such file or directory)
132021 newfstatat(AT_FDCWD, "/home/allali/intel/openvino_2022_git/tools/compile_tool/tls/haswell/x86_64", 0x7ffc48fab9e0, 0) = -1 ENOENT (No such file or directory)
132021 openat(AT_FDCWD, "/home/allali/intel/openvino_2022_git/tools/compile_tool/tls/haswell/libc.so.6", O_RDONLY|O_CLOEXEC) = -1 ENOENT (No such file or directory)
132021 newfstatat(AT_FDCWD, "/home/allali/intel/openvino_2022_git/tools/compile_tool/tls/haswell", 0x7ffc48fab9e0, 0) = -1 ENOENT (No such file or directory)
132021 openat(AT_FDCWD, "/home/allali/intel/openvino_2022_git/tools/compile_tool/tls/x86_64/libc.so.6", O_RDONLY|O_CLOEXEC) = -1 ENOENT (No such file or directory)
132021 newfstatat(AT_FDCWD, "/home/allali/intel/openvino_2022_git/tools/compile_tool/tls/x86_64", 0x7ffc48fab9e0, 0) = -1 ENOENT (No such file or directory)
132021 openat(AT_FDCWD, "/home/allali/intel/openvino_2022_git/tools/compile_tool/tls/libc.so.6", O_RDONLY|O_CLOEXEC) = -1 ENOENT (No such file or directory)
132021 newfstatat(AT_FDCWD, "/home/allali/intel/openvino_2022_git/tools/compile_tool/tls", 0x7ffc48fab9e0, 0) = -1 ENOENT (No such file or directory)
132021 openat(AT_FDCWD, "/home/allali/intel/openvino_2022_git/tools/compile_tool/haswell/x86_64/libc.so.6", O_RDONLY|O_CLOEXEC) = -1 ENOENT (No such file or directory)
132021 newfstatat(AT_FDCWD, "/home/allali/intel/openvino_2022_git/tools/compile_tool/haswell/x86_64", 0x7ffc48fab9e0, 0) = -1 ENOENT (No such file or directory)
132021 openat(AT_FDCWD, "/home/allali/intel/openvino_2022_git/tools/compile_tool/haswell/libc.so.6", O_RDONLY|O_CLOEXEC) = -1 ENOENT (No such file or directory)
132021 newfstatat(AT_FDCWD, "/home/allali/intel/openvino_2022_git/tools/compile_tool/haswell", 0x7ffc48fab9e0, 0) = -1 ENOENT (No such file or directory)
132021 openat(AT_FDCWD, "/home/allali/intel/openvino_2022_git/tools/compile_tool/x86_64/libc.so.6", O_RDONLY|O_CLOEXEC) = -1 ENOENT (No such file or directory)
132021 newfstatat(AT_FDCWD, "/home/allali/intel/openvino_2022_git/tools/compile_tool/x86_64", 0x7ffc48fab9e0, 0) = -1 ENOENT (No such file or directory)
132021 openat(AT_FDCWD, "/home/allali/intel/openvino_2022_git/tools/compile_tool/libc.so.6", O_RDONLY|O_CLOEXEC) = -1 ENOENT (No such file or directory)
132021 newfstatat(AT_FDCWD, "/home/allali/intel/openvino_2022_git/tools/compile_tool", {st_mode=S_IFDIR|0755, st_size=4096, ...}, 0) = 0
132021 openat(AT_FDCWD, "/home/allali/intel/openvino_2022_git/runtime/3rdparty/tbb/lib/glibc-hwcaps/x86-64-v3/libc.so.6", O_RDONLY|O_CLOEXEC) = -1 ENOENT (No such file or directory)
132021 newfstatat(AT_FDCWD, "/home/allali/intel/openvino_2022_git/runtime/3rdparty/tbb/lib/glibc-hwcaps/x86-64-v3", 0x7ffc48fab9e0, 0) = -1 ENOENT (No such file or directory)
132021 openat(AT_FDCWD, "/home/allali/intel/openvino_2022_git/runtime/3rdparty/tbb/lib/glibc-hwcaps/x86-64-v2/libc.so.6", O_RDONLY|O_CLOEXEC) = -1 ENOENT (No such file or directory)
132021 newfstatat(AT_FDCWD, "/home/allali/intel/openvino_2022_git/runtime/3rdparty/tbb/lib/glibc-hwcaps/x86-64-v2", 0x7ffc48fab9e0, 0) = -1 ENOENT (No such file or directory)
132021 openat(AT_FDCWD, "/home/allali/intel/openvino_2022_git/runtime/3rdparty/tbb/lib/tls/haswell/x86_64/libc.so.6", O_RDONLY|O_CLOEXEC) = -1 ENOENT (No such file or directory)
132021 newfstatat(AT_FDCWD, "/home/allali/intel/openvino_2022_git/runtime/3rdparty/tbb/lib/tls/haswell/x86_64", 0x7ffc48fab9e0, 0) = -1 ENOENT (No such file or directory)
132021 openat(AT_FDCWD, "/home/allali/intel/openvino_2022_git/runtime/3rdparty/tbb/lib/tls/haswell/libc.so.6", O_RDONLY|O_CLOEXEC) = -1 ENOENT (No such file or directory)
132021 newfstatat(AT_FDCWD, "/home/allali/intel/openvino_2022_git/runtime/3rdparty/tbb/lib/tls/haswell", 0x7ffc48fab9e0, 0) = -1 ENOENT (No such file or directory)
132021 openat(AT_FDCWD, "/home/allali/intel/openvino_2022_git/runtime/3rdparty/tbb/lib/tls/x86_64/libc.so.6", O_RDONLY|O_CLOEXEC) = -1 ENOENT (No such file or directory)
132021 newfstatat(AT_FDCWD, "/home/allali/intel/openvino_2022_git/runtime/3rdparty/tbb/lib/tls/x86_64", 0x7ffc48fab9e0, 0) = -1 ENOENT (No such file or directory)
132021 openat(AT_FDCWD, "/home/allali/intel/openvino_2022_git/runtime/3rdparty/tbb/lib/tls/libc.so.6", O_RDONLY|O_CLOEXEC) = -1 ENOENT (No such file or directory)
132021 newfstatat(AT_FDCWD, "/home/allali/intel/openvino_2022_git/runtime/3rdparty/tbb/lib/tls", 0x7ffc48fab9e0, 0) = -1 ENOENT (No such file or directory)
132021 openat(AT_FDCWD, "/home/allali/intel/openvino_2022_git/runtime/3rdparty/tbb/lib/haswell/x86_64/libc.so.6", O_RDONLY|O_CLOEXEC) = -1 ENOENT (No such file or directory)
132021 newfstatat(AT_FDCWD, "/home/allali/intel/openvino_2022_git/runtime/3rdparty/tbb/lib/haswell/x86_64", 0x7ffc48fab9e0, 0) = -1 ENOENT (No such file or directory)
132021 openat(AT_FDCWD, "/home/allali/intel/openvino_2022_git/runtime/3rdparty/tbb/lib/haswell/libc.so.6", O_RDONLY|O_CLOEXEC) = -1 ENOENT (No such file or directory)
132021 newfstatat(AT_FDCWD, "/home/allali/intel/openvino_2022_git/runtime/3rdparty/tbb/lib/haswell", 0x7ffc48fab9e0, 0) = -1 ENOENT (No such file or directory)
132021 openat(AT_FDCWD, "/home/allali/intel/openvino_2022_git/runtime/3rdparty/tbb/lib/x86_64/libc.so.6", O_RDONLY|O_CLOEXEC) = -1 ENOENT (No such file or directory)
132021 newfstatat(AT_FDCWD, "/home/allali/intel/openvino_2022_git/runtime/3rdparty/tbb/lib/x86_64", 0x7ffc48fab9e0, 0) = -1 ENOENT (No such file or directory)
132021 openat(AT_FDCWD, "/home/allali/intel/openvino_2022_git/runtime/3rdparty/tbb/lib/libc.so.6", O_RDONLY|O_CLOEXEC) = -1 ENOENT (No such file or directory)
132021 newfstatat(AT_FDCWD, "/home/allali/intel/openvino_2022_git/runtime/3rdparty/tbb/lib", {st_mode=S_IFDIR|0755, st_size=4096, ...}, 0) = 0
132021 openat(AT_FDCWD, "/home/allali/intel/openvino_2022_git/runtime/3rdparty/hddl/lib/glibc-hwcaps/x86-64-v3/libc.so.6", O_RDONLY|O_CLOEXEC) = -1 ENOENT (No such file or directory)
132021 newfstatat(AT_FDCWD, "/home/allali/intel/openvino_2022_git/runtime/3rdparty/hddl/lib/glibc-hwcaps/x86-64-v3", 0x7ffc48fab9e0, 0) = -1 ENOENT (No such file or directory)
132021 openat(AT_FDCWD, "/home/allali/intel/openvino_2022_git/runtime/3rdparty/hddl/lib/glibc-hwcaps/x86-64-v2/libc.so.6", O_RDONLY|O_CLOEXEC) = -1 ENOENT (No such file or directory)
132021 newfstatat(AT_FDCWD, "/home/allali/intel/openvino_2022_git/runtime/3rdparty/hddl/lib/glibc-hwcaps/x86-64-v2", 0x7ffc48fab9e0, 0) = -1 ENOENT (No such file or directory)
132021 openat(AT_FDCWD, "/home/allali/intel/openvino_2022_git/runtime/3rdparty/hddl/lib/tls/haswell/x86_64/libc.so.6", O_RDONLY|O_CLOEXEC) = -1 ENOENT (No such file or directory)
132021 newfstatat(AT_FDCWD, "/home/allali/intel/openvino_2022_git/runtime/3rdparty/hddl/lib/tls/haswell/x86_64", 0x7ffc48fab9e0, 0) = -1 ENOENT (No such file or directory)
132021 openat(AT_FDCWD, "/home/allali/intel/openvino_2022_git/runtime/3rdparty/hddl/lib/tls/haswell/libc.so.6", O_RDONLY|O_CLOEXEC) = -1 ENOENT (No such file or directory)
132021 newfstatat(AT_FDCWD, "/home/allali/intel/openvino_2022_git/runtime/3rdparty/hddl/lib/tls/haswell", 0x7ffc48fab9e0, 0) = -1 ENOENT (No such file or directory)
132021 openat(AT_FDCWD, "/home/allali/intel/openvino_2022_git/runtime/3rdparty/hddl/lib/tls/x86_64/libc.so.6", O_RDONLY|O_CLOEXEC) = -1 ENOENT (No such file or directory)
132021 newfstatat(AT_FDCWD, "/home/allali/intel/openvino_2022_git/runtime/3rdparty/hddl/lib/tls/x86_64", 0x7ffc48fab9e0, 0) = -1 ENOENT (No such file or directory)
132021 openat(AT_FDCWD, "/home/allali/intel/openvino_2022_git/runtime/3rdparty/hddl/lib/tls/libc.so.6", O_RDONLY|O_CLOEXEC) = -1 ENOENT (No such file or directory)
132021 newfstatat(AT_FDCWD, "/home/allali/intel/openvino_2022_git/runtime/3rdparty/hddl/lib/tls", 0x7ffc48fab9e0, 0) = -1 ENOENT (No such file or directory)
132021 openat(AT_FDCWD, "/home/allali/intel/openvino_2022_git/runtime/3rdparty/hddl/lib/haswell/x86_64/libc.so.6", O_RDONLY|O_CLOEXEC) = -1 ENOENT (No such file or directory)
132021 newfstatat(AT_FDCWD, "/home/allali/intel/openvino_2022_git/runtime/3rdparty/hddl/lib/haswell/x86_64", 0x7ffc48fab9e0, 0) = -1 ENOENT (No such file or directory)
132021 openat(AT_FDCWD, "/home/allali/intel/openvino_2022_git/runtime/3rdparty/hddl/lib/haswell/libc.so.6", O_RDONLY|O_CLOEXEC) = -1 ENOENT (No such file or directory)
132021 newfstatat(AT_FDCWD, "/home/allali/intel/openvino_2022_git/runtime/3rdparty/hddl/lib/haswell", 0x7ffc48fab9e0, 0) = -1 ENOENT (No such file or directory)
132021 openat(AT_FDCWD, "/home/allali/intel/openvino_2022_git/runtime/3rdparty/hddl/lib/x86_64/libc.so.6", O_RDONLY|O_CLOEXEC) = -1 ENOENT (No such file or directory)
132021 newfstatat(AT_FDCWD, "/home/allali/intel/openvino_2022_git/runtime/3rdparty/hddl/lib/x86_64", 0x7ffc48fab9e0, 0) = -1 ENOENT (No such file or directory)
132021 openat(AT_FDCWD, "/home/allali/intel/openvino_2022_git/runtime/3rdparty/hddl/lib/libc.so.6", O_RDONLY|O_CLOEXEC) = -1 ENOENT (No such file or directory)
132021 newfstatat(AT_FDCWD, "/home/allali/intel/openvino_2022_git/runtime/3rdparty/hddl/lib", 0x7ffc48fab9e0, 0) = -1 ENOENT (No such file or directory)
132021 openat(AT_FDCWD, "/home/allali/intel/openvino_2022_git/runtime/lib/intel64/glibc-hwcaps/x86-64-v3/libc.so.6", O_RDONLY|O_CLOEXEC) = -1 ENOENT (No such file or directory)
132021 newfstatat(AT_FDCWD, "/home/allali/intel/openvino_2022_git/runtime/lib/intel64/glibc-hwcaps/x86-64-v3", 0x7ffc48fab9e0, 0) = -1 ENOENT (No such file or directory)
132021 openat(AT_FDCWD, "/home/allali/intel/openvino_2022_git/runtime/lib/intel64/glibc-hwcaps/x86-64-v2/libc.so.6", O_RDONLY|O_CLOEXEC) = -1 ENOENT (No such file or directory)
132021 newfstatat(AT_FDCWD, "/home/allali/intel/openvino_2022_git/runtime/lib/intel64/glibc-hwcaps/x86-64-v2", 0x7ffc48fab9e0, 0) = -1 ENOENT (No such file or directory)
132021 openat(AT_FDCWD, "/home/allali/intel/openvino_2022_git/runtime/lib/intel64/tls/haswell/x86_64/libc.so.6", O_RDONLY|O_CLOEXEC) = -1 ENOENT (No such file or directory)
132021 newfstatat(AT_FDCWD, "/home/allali/intel/openvino_2022_git/runtime/lib/intel64/tls/haswell/x86_64", 0x7ffc48fab9e0, 0) = -1 ENOENT (No such file or directory)
132021 openat(AT_FDCWD, "/home/allali/intel/openvino_2022_git/runtime/lib/intel64/tls/haswell/libc.so.6", O_RDONLY|O_CLOEXEC) = -1 ENOENT (No such file or directory)
132021 newfstatat(AT_FDCWD, "/home/allali/intel/openvino_2022_git/runtime/lib/intel64/tls/haswell", 0x7ffc48fab9e0, 0) = -1 ENOENT (No such file or directory)
132021 openat(AT_FDCWD, "/home/allali/intel/openvino_2022_git/runtime/lib/intel64/tls/x86_64/libc.so.6", O_RDONLY|O_CLOEXEC) = -1 ENOENT (No such file or directory)
132021 newfstatat(AT_FDCWD, "/home/allali/intel/openvino_2022_git/runtime/lib/intel64/tls/x86_64", 0x7ffc48fab9e0, 0) = -1 ENOENT (No such file or directory)
132021 openat(AT_FDCWD, "/home/allali/intel/openvino_2022_git/runtime/lib/intel64/tls/libc.so.6", O_RDONLY|O_CLOEXEC) = -1 ENOENT (No such file or directory)
132021 newfstatat(AT_FDCWD, "/home/allali/intel/openvino_2022_git/runtime/lib/intel64/tls", 0x7ffc48fab9e0, 0) = -1 ENOENT (No such file or directory)
132021 openat(AT_FDCWD, "/home/allali/intel/openvino_2022_git/runtime/lib/intel64/haswell/x86_64/libc.so.6", O_RDONLY|O_CLOEXEC) = -1 ENOENT (No such file or directory)
132021 newfstatat(AT_FDCWD, "/home/allali/intel/openvino_2022_git/runtime/lib/intel64/haswell/x86_64", 0x7ffc48fab9e0, 0) = -1 ENOENT (No such file or directory)
132021 openat(AT_FDCWD, "/home/allali/intel/openvino_2022_git/runtime/lib/intel64/haswell/libc.so.6", O_RDONLY|O_CLOEXEC) = -1 ENOENT (No such file or directory)
132021 newfstatat(AT_FDCWD, "/home/allali/intel/openvino_2022_git/runtime/lib/intel64/haswell", 0x7ffc48fab9e0, 0) = -1 ENOENT (No such file or directory)
132021 openat(AT_FDCWD, "/home/allali/intel/openvino_2022_git/runtime/lib/intel64/x86_64/libc.so.6", O_RDONLY|O_CLOEXEC) = -1 ENOENT (No such file or directory)
132021 newfstatat(AT_FDCWD, "/home/allali/intel/openvino_2022_git/runtime/lib/intel64/x86_64", 0x7ffc48fab9e0, 0) = -1 ENOENT (No such file or directory)
132021 openat(AT_FDCWD, "/home/allali/intel/openvino_2022_git/runtime/lib/intel64/libc.so.6", O_RDONLY|O_CLOEXEC) = -1 ENOENT (No such file or directory)
132021 newfstatat(AT_FDCWD, "/home/allali/intel/openvino_2022_git/runtime/lib/intel64", {st_mode=S_IFDIR|0755, st_size=4096, ...}, 0) = 0
132021 openat(AT_FDCWD, "/etc/ld.so.cache", O_RDONLY|O_CLOEXEC) = 3
132021 newfstatat(3, "", {st_mode=S_IFREG|0644, st_size=180787, ...}, AT_EMPTY_PATH) = 0
132021 mmap(NULL, 180787, PROT_READ, MAP_PRIVATE, 3, 0) = 0x7f60c8cb6000
132021 close(3)                         = 0
132021 openat(AT_FDCWD, "/lib/x86_64-linux-gnu/libc.so.6", O_RDONLY|O_CLOEXEC) = 3
132021 read(3, "\177ELF\2\1\1\3\0\0\0\0\0\0\0\0\3\0>\0\1\0\0\0P\237\2\0\0\0\0\0"..., 832) = 832
132021 pread64(3, "\6\0\0\0\4\0\0\0@\0\0\0\0\0\0\0@\0\0\0\0\0\0\0@\0\0\0\0\0\0\0"..., 784, 64) = 784
132021 pread64(3, "\4\0\0\0 \0\0\0\5\0\0\0GNU\0\2\0\0\300\4\0\0\0\3\0\0\0\0\0\0\0"..., 48, 848) = 48
132021 pread64(3, "\4\0\0\0\24\0\0\0\3\0\0\0GNU\0i8\235HZ\227\223\333\350s\360\352,\223\340."..., 68, 896) = 68
132021 newfstatat(3, "", {st_mode=S_IFREG|0644, st_size=2216304, ...}, AT_EMPTY_PATH) = 0
132021 pread64(3, "\6\0\0\0\4\0\0\0@\0\0\0\0\0\0\0@\0\0\0\0\0\0\0@\0\0\0\0\0\0\0"..., 784, 64) = 784
132021 mmap(NULL, 2260560, PROT_READ, MAP_PRIVATE|MAP_DENYWRITE, 3, 0) = 0x7f60c8a8e000
132021 mmap(0x7f60c8ab6000, 1658880, PROT_READ|PROT_EXEC, MAP_PRIVATE|MAP_FIXED|MAP_DENYWRITE, 3, 0x28000) = 0x7f60c8ab6000
132021 mmap(0x7f60c8c4b000, 360448, PROT_READ, MAP_PRIVATE|MAP_FIXED|MAP_DENYWRITE, 3, 0x1bd000) = 0x7f60c8c4b000
132021 mmap(0x7f60c8ca3000, 24576, PROT_READ|PROT_WRITE, MAP_PRIVATE|MAP_FIXED|MAP_DENYWRITE, 3, 0x214000) = 0x7f60c8ca3000
132021 mmap(0x7f60c8ca9000, 52816, PROT_READ|PROT_WRITE, MAP_PRIVATE|MAP_FIXED|MAP_ANONYMOUS, -1, 0) = 0x7f60c8ca9000
132021 close(3)                         = 0
132021 mmap(NULL, 12288, PROT_READ|PROT_WRITE, MAP_PRIVATE|MAP_ANONYMOUS, -1, 0) = 0x7f60c8a8b000
132021 arch_prctl(ARCH_SET_FS, 0x7f60c8a8b740) = 0
132021 set_tid_address(0x7f60c8a8ba10)  = 132021
132021 set_robust_list(0x7f60c8a8ba20, 24) = 0
132021 rseq(0x7f60c8a8c0e0, 0x20, 0, 0x53053053) = 0
132021 mprotect(0x7f60c8ca3000, 16384, PROT_READ) = 0
132021 mprotect(0x564367474000, 4096, PROT_READ) = 0
132021 mprotect(0x7f60c8d1d000, 8192, PROT_READ) = 0
132021 prlimit64(0, RLIMIT_STACK, NULL, {rlim_cur=8192*1024, rlim_max=RLIM64_INFINITY}) = 0
132021 munmap(0x7f60c8cb6000, 180787)   = 0
132021 write(1, "\0\0\0\0\0\0\0\0\0\0", 10) = 10
132021 exit_group(0)                    = ?
132021 +++ exited with 0 +++
